#
# A fatal error has been detected by the Java Runtime Environment:
#
#  EXCEPTION_ACCESS_VIOLATION (0xc0000005) at pc=0x00007ffadacb0391, pid=9628, tid=14008
#
# JRE version: OpenJDK Runtime Environment Temurin-17.0.7+7 (17.0.7+7) (build 17.0.7+7)
# Java VM: OpenJDK 64-Bit Server VM Temurin-17.0.7+7 (17.0.7+7, mixed mode, sharing, tiered, compressed oops, compressed class ptrs, g1 gc, windows-amd64)
# Problematic frame:
# C  [ntdll.dll+0x20391]
#
# No core dump will be written. Minidumps are not enabled by default on client versions of Windows
#
# If you would like to submit a bug report, please visit:
#   https://github.com/adoptium/adoptium-support/issues
# The crash happened outside the Java Virtual Machine in native code.
# See problematic frame for where to report the bug.
#

---------------  S U M M A R Y ------------

Command Line: -javaagent:C:\Users\Genny\AppData\Local\JetBrains\Toolbox\apps\IDEA-C\ch-0\233.11799.241\lib\idea_rt.jar=59494:C:\Users\Genny\AppData\Local\JetBrains\Toolbox\apps\IDEA-C\ch-0\233.11799.241\bin -Dfile.encoding=UTF-8 game.Main

Host: AMD Ryzen 5 5500U with Radeon Graphics         , 12 cores, 7G,  Windows 11 , 64 bit Build 22621 (10.0.22621.2506)
Time: Tue Dec 26 01:47:34 2023 Pacific Standard Time elapsed time: 17.272826 seconds (0d 0h 0m 17s)

---------------  T H R E A D  ---------------

Current thread (0x000001fa717d65b0):  JavaThread "AWT-EventQueue-0" [_thread_in_native, id=14008, stack(0x0000001a81500000,0x0000001a81600000)]

Stack: [0x0000001a81500000,0x0000001a81600000],  sp=0x0000001a815fd0a0,  free space=1012k
Native frames: (J=compiled Java code, j=interpreted, Vv=VM code, C=native code)
C  [ntdll.dll+0x20391]
C  [ntdll.dll+0x1e340]
C  [ntdll.dll+0xa340e]
C  [ntdll.dll+0x33aca]
C  [ntdll.dll+0x218e4]
C  [ntdll.dll+0x216d2]
C  0x00007ffa5df9815a

Java frames: (J=compiled Java code, j=interpreted, Vv=VM code)
j  sun.java2d.d3d.D3DSurfaceData.initOps(III)V+0 java.desktop@17.0.7
j  sun.java2d.d3d.D3DSurfaceData.<init>(Lsun/awt/windows/WComponentPeer;Lsun/java2d/d3d/D3DGraphicsConfig;IILjava/awt/Image;Ljava/awt/image/ColorModel;IILsun/java2d/pipe/hw/ExtendedBufferCapabilities$VSyncType;I)V+212 java.desktop@17.0.7
j  sun.java2d.d3d.D3DSurfaceData.createData(Lsun/java2d/d3d/D3DGraphicsConfig;IILjava/awt/image/ColorModel;Ljava/awt/Image;I)Lsun/java2d/d3d/D3DSurfaceData;+70 java.desktop@17.0.7
j  sun.java2d.d3d.D3DVolatileSurfaceManager.initAcceleratedSurface()Lsun/java2d/SurfaceData;+142 java.desktop@17.0.7
j  sun.java2d.d3d.D3DVolatileSurfaceManager.restoreAcceleratedSurface()V+49 java.desktop@17.0.7
J 1245 c1 sun.awt.image.VolatileSurfaceManager.validate(Ljava/awt/GraphicsConfiguration;)I java.desktop@17.0.7 (213 bytes) @ 0x000001fa564f1e2c [0x000001fa564f1900+0x000000000000052c]
J 1224 c1 javax.swing.RepaintManager$PaintManager.paint(Ljavax/swing/JComponent;Ljavax/swing/JComponent;Ljava/awt/Graphics;IIII)Z java.desktop@17.0.7 (201 bytes) @ 0x000001fa564dd364 [0x000001fa564dcba0+0x00000000000007c4]
J 1192 c1 javax.swing.RepaintManager.paint(Ljavax/swing/JComponent;Ljavax/swing/JComponent;Ljava/awt/Graphics;IIII)V java.desktop@17.0.7 (94 bytes) @ 0x000001fa564c9054 [0x000001fa564c8ca0+0x00000000000003b4]
J 1165 c1 javax.swing.JComponent._paintImmediately(IIII)V java.desktop@17.0.7 (891 bytes) @ 0x000001fa564a5534 [0x000001fa564a2a60+0x0000000000002ad4]
J 1163 c1 javax.swing.JComponent.paintImmediately(IIII)V java.desktop@17.0.7 (155 bytes) @ 0x000001fa564aa96c [0x000001fa564a9b00+0x0000000000000e6c]
J 1207 c1 javax.swing.RepaintManager$4.run()Ljava/lang/Void; java.desktop@17.0.7 (277 bytes) @ 0x000001fa564d4264 [0x000001fa564d3b80+0x00000000000006e4]
J 1202 c1 javax.swing.RepaintManager.paintDirtyRegions(Ljava/util/Map;)V java.desktop@17.0.7 (196 bytes) @ 0x000001fa564cd514 [0x000001fa564cc320+0x00000000000011f4]
J 1201 c1 javax.swing.RepaintManager.paintDirtyRegions()V java.desktop@17.0.7 (50 bytes) @ 0x000001fa564d15cc [0x000001fa564d13e0+0x00000000000001ec]
J 1200 c1 javax.swing.RepaintManager.prePaintDirtyRegions()V java.desktop@17.0.7 (91 bytes) @ 0x000001fa564cf2d4 [0x000001fa564ced40+0x0000000000000594]
J 1145 c1 javax.swing.RepaintManager$ProcessingRunnable.run()V java.desktop@17.0.7 (41 bytes) @ 0x000001fa56499e3c [0x000001fa56499ce0+0x000000000000015c]
J 1143 c1 java.awt.event.InvocationEvent.dispatch()V java.desktop@17.0.7 (69 bytes) @ 0x000001fa5649761c [0x000001fa56497400+0x000000000000021c]
J 1184 c1 java.awt.EventQueue.dispatchEventImpl(Ljava/awt/AWTEvent;Ljava/lang/Object;)V java.desktop@17.0.7 (136 bytes) @ 0x000001fa564b80b4 [0x000001fa564b65e0+0x0000000000001ad4]
J 1183 c1 java.awt.EventQueue$4.run()Ljava/lang/Void; java.desktop@17.0.7 (60 bytes) @ 0x000001fa564b5f0c [0x000001fa564b5de0+0x000000000000012c]
J 1121 c1 java.awt.EventQueue.dispatchEvent(Ljava/awt/AWTEvent;)V java.desktop@17.0.7 (80 bytes) @ 0x000001fa5648638c [0x000001fa56485de0+0x00000000000005ac]
J 1122 c1 java.awt.EventDispatchThread.pumpOneEventForFilters(I)V java.desktop@17.0.7 (113 bytes) @ 0x000001fa56488e24 [0x000001fa564887a0+0x0000000000000684]
j  java.awt.EventDispatchThread.pumpEventsForFilter(ILjava/awt/Conditional;Ljava/awt/EventFilter;)V+35 java.desktop@17.0.7
j  java.awt.EventDispatchThread.pumpEventsForHierarchy(ILjava/awt/Conditional;Ljava/awt/Component;)V+11 java.desktop@17.0.7
j  java.awt.EventDispatchThread.pumpEvents(ILjava/awt/Conditional;)V+4 java.desktop@17.0.7
j  java.awt.EventDispatchThread.pumpEvents(Ljava/awt/Conditional;)V+3 java.desktop@17.0.7
j  java.awt.EventDispatchThread.run()V+9 java.desktop@17.0.7
v  ~StubRoutines::call_stub

siginfo: EXCEPTION_ACCESS_VIOLATION (0xc0000005), reading address 0x00007ffa5e11dc94


Register to memory mapping:

RIP=0x00007ffadacb0391 ntdll.dll
RAX=0x00000000000007b7 is an unknown value
RBX=0x000000000001815a is an unknown value
RCX=0x00000000000007b7 is an unknown value
RDX=0x0000000000001725 is an unknown value
RSP=0x0000001a815fd0a0 is pointing into the stack for thread: 0x000001fa717d65b0
RBP=0x0000001a815fd650 is pointing into the stack for thread: 0x000001fa717d65b0
RSI=0x0 is NULL
RDI=0x00007ffa5e118000 is an unknown value
R8 =0x0000000000000f6f is an unknown value
R9 =0x0 is NULL
R10=0x00007ffa5e11dc94 is an unknown value
R11=0x000000000013ee30 is an unknown value
R12=0x00007ffa5df9815a is an unknown value
R13=0x0000001a815fd150 is pointing into the stack for thread: 0x000001fa717d65b0
R14=0x0000001a815fd710 is pointing into the stack for thread: 0x000001fa717d65b0
R15=0x0000001a815fd688 is pointing into the stack for thread: 0x000001fa717d65b0


Registers:
RAX=0x00000000000007b7, RBX=0x000000000001815a, RCX=0x00000000000007b7, RDX=0x0000000000001725
RSP=0x0000001a815fd0a0, RBP=0x0000001a815fd650, RSI=0x0000000000000000, RDI=0x00007ffa5e118000
R8 =0x0000000000000f6f, R9 =0x0000000000000000, R10=0x00007ffa5e11dc94, R11=0x000000000013ee30
R12=0x00007ffa5df9815a, R13=0x0000001a815fd150, R14=0x0000001a815fd710, R15=0x0000001a815fd688
RIP=0x00007ffadacb0391, EFLAGS=0x0000000000010217

Top of Stack: (sp=0x0000001a815fd0a0)
0x0000001a815fd0a0:   00007ffa5df9815a 00007ffa5e118000
0x0000001a815fd0b0:   0000001a815fdd30 0000000000000000
0x0000001a815fd0c0:   00007ffa5e118000 00007ffa5df80000
0x0000001a815fd0d0:   0000b94c001a9000 0000001a815fdd30
0x0000001a815fd0e0:   0000001a815fd840 00007ffadacae340
0x0000001a815fd0f0:   0000001a815fdd30 0000000000000000
0x0000001a815fd100:   0000000000000000 0000000000000000
0x0000001a815fd110:   0000001a815fd150 0000000000000000
0x0000001a815fd120:   0000001a815fd670 0000001a815fd660
0x0000001a815fd130:   0000001a815fd668 0000001a815fd6f0
0x0000001a815fd140:   000001fa00000000 00007ffa6d1ff048
0x0000001a815fd150:   0000000000000000 0000001a815fe3f0
0x0000001a815fd160:   000000000000027f 000000006d1fde28
0x0000001a815fd170:   0000000000000000 0002ffff00001fa0
0x0000001a815fd180:   00001fa00010000f 0000000000000033
0x0000001a815fd190:   00010213002b0000 0000000000000000 

Instructions: (pc=0x00007ffadacb0391)
0x00007ffadacb0291:   0f 10 40 70 0f 11 44 11 f0 0f 10 0c 10 0f 11 0c
0x00007ffadacb02a1:   11 0f 10 44 10 10 0f 11 44 11 10 48 8b 5c 24 30
0x00007ffadacb02b1:   48 8b 74 24 38 48 83 c4 20 5f c3 cc 23 ca 3b ca
0x00007ffadacb02c1:   0f 85 38 fe ff ff e9 f4 aa 08 00 cc cc cc cc cc
0x00007ffadacb02d1:   cc cc cc cc cc cc cc 71 62 50 34 55 bf e5 cf 48
0x00007ffadacb02e1:   89 5c 24 18 4c 89 74 24 20 41 57 48 83 ec 40 4d
0x00007ffadacb02f1:   8b f0 4c 8b fa 48 8b d9 4d 85 c0 0f 85 f9 00 00
0x00007ffadacb0301:   00 48 8b 0d 2f b2 17 00 48 89 74 24 50 48 89 7c
0x00007ffadacb0311:   24 58 48 3b d9 0f 83 86 01 00 00 48 8d 54 24 20
0x00007ffadacb0321:   48 8b cb e8 37 03 00 00 48 8b f8 48 85 ff 0f 84
0x00007ffadacb0331:   f5 02 00 00 48 8b 4c 24 28 48 b8 ab aa aa aa aa
0x00007ffadacb0341:   aa aa aa 49 89 0f 33 f6 8b 4c 24 34 48 f7 e1 48
0x00007ffadacb0351:   c1 ea 03 85 d2 74 65 49 2b 1f 8d 42 ff 48 8d 04
0x00007ffadacb0361:   40 44 8b 1c 87 4c 8d 14 87 49 3b db 73 3a 44 8d
0x00007ffadacb0371:   42 fe 44 8b ce 45 85 c0 78 2e 0f 1f 44 00 00 43
0x00007ffadacb0381:   8d 04 08 d1 f8 48 63 c8 48 8d 14 49 4c 8d 14 97
0x00007ffadacb0391:   8b 14 97 48 3b da 0f 83 ec 00 00 00 44 8d 40 ff
0x00007ffadacb03a1:   44 8b da 45 3b c1 7d d7 41 8b c3 48 3b d8 72 0c
0x00007ffadacb03b1:   41 8b 42 04 48 3b d8 73 03 49 8b f2 48 8b 7c 24
0x00007ffadacb03c1:   58 48 85 f6 74 09 4d 85 f6 0f 85 08 01 00 00 48
0x00007ffadacb03d1:   8b c6 48 85 f6 74 0c 8b 4e 08 f6 c1 01 0f 85 59
0x00007ffadacb03e1:   02 00 00 48 8b 74 24 50 48 8b 5c 24 60 4c 8b 74
0x00007ffadacb03f1:   24 68 48 83 c4 40 41 5f c3 cc 41 80 78 07 00 4c
0x00007ffadacb0401:   8d 1d 39 b0 17 00 0f 85 c9 01 00 00 41 80 78 06
0x00007ffadacb0411:   00 0f 84 ea fe ff ff 48 3b 1d 29 b0 17 00 0f 83
0x00007ffadacb0421:   3d 01 00 00 49 3b 5e 08 0f 82 d3 fe ff ff 49 3b
0x00007ffadacb0431:   5e 10 0f 83 c9 fe ff ff 45 0f b6 56 04 45 8b 06
0x00007ffadacb0441:   41 8b d2 45 3b d0 0f 83 b5 fe ff ff 8b ca 8b c2
0x00007ffadacb0451:   48 03 c0 4d 8b 4c c6 18 48 8d 41 02 48 03 c0 49
0x00007ffadacb0461:   8b 0c c6 8b 01 49 03 c1 48 3b d8 72 0f 8b 41 04
0x00007ffadacb0471:   49 03 c1 48 3b d8 0f 82 bb 00 00 00 ff c2 41 3b
0x00007ffadacb0481:   d0 72 c9 e9 79 fe ff ff 41 8b 4a 0c 44 8b da 48 


Stack slot to memory mapping:
stack at sp + 0 slots: 0x00007ffa5df9815a is an unknown value
stack at sp + 1 slots: 0x00007ffa5e118000 is an unknown value
stack at sp + 2 slots: 0x0000001a815fdd30 is pointing into the stack for thread: 0x000001fa717d65b0
stack at sp + 3 slots: 0x0 is NULL
stack at sp + 4 slots: 0x00007ffa5e118000 is an unknown value
stack at sp + 5 slots: 0x00007ffa5df80000 is an unknown value
stack at sp + 6 slots: 0x0000b94c001a9000 is an unknown value
stack at sp + 7 slots: 0x0000001a815fdd30 is pointing into the stack for thread: 0x000001fa717d65b0


---------------  P R O C E S S  ---------------

Threads class SMR info:
_java_thread_list=0x000001fa6cc79130, length=19, elements={
0x000001fa6ca201c0, 0x000001fa6ca20e30, 0x000001fa6ca33250, 0x000001fa6ca34b20,
0x000001fa6ca354d0, 0x000001fa6ca35e80, 0x000001fa6ca36c10, 0x000001fa6ca376b0,
0x000001fa6ca420c0, 0x000001fa6cc45970, 0x000001fa6cced820, 0x000001fa6ccefd00,
0x000001fa6ced9010, 0x000001fa6cedc420, 0x000001fa717d65b0, 0x000001fa7181a2c0,
0x000001fa4e8090b0, 0x000001fa71a24590, 0x000001fa71a24a60
}

Java Threads: ( => current thread )
  0x000001fa6ca201c0 JavaThread "Reference Handler" daemon [_thread_blocked, id=13696, stack(0x0000001affb00000,0x0000001affc00000)]
  0x000001fa6ca20e30 JavaThread "Finalizer" daemon [_thread_blocked, id=29040, stack(0x0000001affc00000,0x0000001affd00000)]
  0x000001fa6ca33250 JavaThread "Signal Dispatcher" daemon [_thread_blocked, id=22448, stack(0x0000001affd00000,0x0000001affe00000)]
  0x000001fa6ca34b20 JavaThread "Attach Listener" daemon [_thread_blocked, id=1392, stack(0x0000001affe00000,0x0000001afff00000)]
  0x000001fa6ca354d0 JavaThread "Service Thread" daemon [_thread_blocked, id=30536, stack(0x0000001afff00000,0x0000001b00000000)]
  0x000001fa6ca35e80 JavaThread "Monitor Deflation Thread" daemon [_thread_blocked, id=28828, stack(0x0000001a80000000,0x0000001a80100000)]
  0x000001fa6ca36c10 JavaThread "C2 CompilerThread0" daemon [_thread_blocked, id=10232, stack(0x0000001a80100000,0x0000001a80200000)]
  0x000001fa6ca376b0 JavaThread "C1 CompilerThread0" daemon [_thread_blocked, id=27112, stack(0x0000001a80200000,0x0000001a80300000)]
  0x000001fa6ca420c0 JavaThread "Sweeper thread" daemon [_thread_blocked, id=18260, stack(0x0000001a80300000,0x0000001a80400000)]
  0x000001fa6cc45970 JavaThread "Common-Cleaner" daemon [_thread_blocked, id=15312, stack(0x0000001a80400000,0x0000001a80500000)]
  0x000001fa6cced820 JavaThread "Monitor Ctrl-Break" daemon [_thread_in_native, id=6300, stack(0x0000001a80500000,0x0000001a80600000)]
  0x000001fa6ccefd00 JavaThread "Notification Thread" daemon [_thread_blocked, id=14748, stack(0x0000001a80600000,0x0000001a80700000)]
  0x000001fa6ced9010 JavaThread "Java2D Disposer" daemon [_thread_blocked, id=5776, stack(0x0000001a80800000,0x0000001a80900000)]
  0x000001fa6cedc420 JavaThread "AWT-Shutdown" [_thread_blocked, id=19388, stack(0x0000001a80900000,0x0000001a80a00000)]
=>0x000001fa717d65b0 JavaThread "AWT-EventQueue-0" [_thread_in_native, id=14008, stack(0x0000001a81500000,0x0000001a81600000)]
  0x000001fa7181a2c0 JavaThread "Thread-0" [_thread_in_Java, id=2988, stack(0x0000001a81600000,0x0000001a81700000)]
  0x000001fa4e8090b0 JavaThread "DestroyJavaVM" [_thread_blocked, id=27760, stack(0x0000001aff400000,0x0000001aff500000)]
  0x000001fa71a24590 JavaThread "SIGINT handler" daemon [_thread_blocked, id=3096, stack(0x0000001a81a00000,0x0000001a81b00000)]
  0x000001fa71a24a60 JavaThread "ToolkitShutdown" daemon [_thread_in_native, id=31248, stack(0x0000001a81c00000,0x0000001a81d00000)]

Other Threads:
  0x000001fa6ca184f0 VMThread "VM Thread" [stack: 0x0000001affa00000,0x0000001affb00000] [id=21924]
  0x000001fa6cd9f340 WatcherThread [stack: 0x0000001a80700000,0x0000001a80800000] [id=30024]
  0x000001fa4e8612e0 GCTaskThread "GC Thread#0" [stack: 0x0000001aff500000,0x0000001aff600000] [id=23432]
  0x000001fa4e870ca0 ConcurrentGCThread "G1 Main Marker" [stack: 0x0000001aff600000,0x0000001aff700000] [id=27624]
  0x000001fa4e8716b0 ConcurrentGCThread "G1 Conc#0" [stack: 0x0000001aff700000,0x0000001aff800000] [id=26948]
  0x000001fa6c8d7550 ConcurrentGCThread "G1 Refine#0" [stack: 0x0000001aff800000,0x0000001aff900000] [id=6328]
  0x000001fa6c8d7e80 ConcurrentGCThread "G1 Service" [stack: 0x0000001aff900000,0x0000001affa00000] [id=23100]

Threads with active compile tasks:

VM state: not at safepoint (normal execution)

VM Mutex/Monitor currently owned by a thread: None

Heap address: 0x000000008ac00000, size: 1876 MB, Compressed Oops mode: 32-bit

CDS archive(s) mapped at: [0x0000000800000000-0x0000000800bc0000-0x0000000800bc0000), size 12320768, SharedBaseAddress: 0x0000000800000000, ArchiveRelocationMode: 0.
Compressed class space mapped at: 0x0000000801000000-0x0000000841000000, reserved size: 1073741824
Narrow klass base: 0x0000000800000000, Narrow klass shift: 0, Narrow klass range: 0x100000000

GC Precious Log:
 CPUs: 12 total, 12 available
 Memory: 7501M
 Large Page Support: Disabled
 NUMA Support: Disabled
 Compressed Oops: Enabled (32-bit)
 Heap Region Size: 1M
 Heap Min Capacity: 8M
 Heap Initial Capacity: 118M
 Heap Max Capacity: 1876M
 Pre-touch: Disabled
 Parallel Workers: 10
 Concurrent Workers: 3
 Concurrent Refinement Workers: 10
 Periodic GC: Disabled

Heap:
 garbage-first heap   total 120832K, used 12288K [0x000000008ac00000, 0x0000000100000000)
  region size 1024K, 13 young (13312K), 0 survivors (0K)
 Metaspace       used 7413K, committed 7680K, reserved 1114112K
  class space    used 762K, committed 896K, reserved 1048576K

Heap Regions: E=young(eden), S=young(survivor), O=old, HS=humongous(starts), HC=humongous(continues), CS=collection set, F=free, OA=open archive, CA=closed archive, TAMS=top-at-mark-start (previous, next)
|   0|0x000000008ac00000, 0x000000008ac00000, 0x000000008ad00000|  0%| F|  |TAMS 0x000000008ac00000, 0x000000008ac00000| Untracked 
|   1|0x000000008ad00000, 0x000000008ad00000, 0x000000008ae00000|  0%| F|  |TAMS 0x000000008ad00000, 0x000000008ad00000| Untracked 
|   2|0x000000008ae00000, 0x000000008ae00000, 0x000000008af00000|  0%| F|  |TAMS 0x000000008ae00000, 0x000000008ae00000| Untracked 
|   3|0x000000008af00000, 0x000000008af00000, 0x000000008b000000|  0%| F|  |TAMS 0x000000008af00000, 0x000000008af00000| Untracked 
|   4|0x000000008b000000, 0x000000008b000000, 0x000000008b100000|  0%| F|  |TAMS 0x000000008b000000, 0x000000008b000000| Untracked 
|   5|0x000000008b100000, 0x000000008b100000, 0x000000008b200000|  0%| F|  |TAMS 0x000000008b100000, 0x000000008b100000| Untracked 
|   6|0x000000008b200000, 0x000000008b200000, 0x000000008b300000|  0%| F|  |TAMS 0x000000008b200000, 0x000000008b200000| Untracked 
|   7|0x000000008b300000, 0x000000008b300000, 0x000000008b400000|  0%| F|  |TAMS 0x000000008b300000, 0x000000008b300000| Untracked 
|   8|0x000000008b400000, 0x000000008b400000, 0x000000008b500000|  0%| F|  |TAMS 0x000000008b400000, 0x000000008b400000| Untracked 
|   9|0x000000008b500000, 0x000000008b500000, 0x000000008b600000|  0%| F|  |TAMS 0x000000008b500000, 0x000000008b500000| Untracked 
|  10|0x000000008b600000, 0x000000008b600000, 0x000000008b700000|  0%| F|  |TAMS 0x000000008b600000, 0x000000008b600000| Untracked 
|  11|0x000000008b700000, 0x000000008b700000, 0x000000008b800000|  0%| F|  |TAMS 0x000000008b700000, 0x000000008b700000| Untracked 
|  12|0x000000008b800000, 0x000000008b800000, 0x000000008b900000|  0%| F|  |TAMS 0x000000008b800000, 0x000000008b800000| Untracked 
|  13|0x000000008b900000, 0x000000008b900000, 0x000000008ba00000|  0%| F|  |TAMS 0x000000008b900000, 0x000000008b900000| Untracked 
|  14|0x000000008ba00000, 0x000000008ba00000, 0x000000008bb00000|  0%| F|  |TAMS 0x000000008ba00000, 0x000000008ba00000| Untracked 
|  15|0x000000008bb00000, 0x000000008bb00000, 0x000000008bc00000|  0%| F|  |TAMS 0x000000008bb00000, 0x000000008bb00000| Untracked 
|  16|0x000000008bc00000, 0x000000008bc00000, 0x000000008bd00000|  0%| F|  |TAMS 0x000000008bc00000, 0x000000008bc00000| Untracked 
|  17|0x000000008bd00000, 0x000000008bd00000, 0x000000008be00000|  0%| F|  |TAMS 0x000000008bd00000, 0x000000008bd00000| Untracked 
|  18|0x000000008be00000, 0x000000008be00000, 0x000000008bf00000|  0%| F|  |TAMS 0x000000008be00000, 0x000000008be00000| Untracked 
|  19|0x000000008bf00000, 0x000000008bf00000, 0x000000008c000000|  0%| F|  |TAMS 0x000000008bf00000, 0x000000008bf00000| Untracked 
|  20|0x000000008c000000, 0x000000008c000000, 0x000000008c100000|  0%| F|  |TAMS 0x000000008c000000, 0x000000008c000000| Untracked 
|  21|0x000000008c100000, 0x000000008c100000, 0x000000008c200000|  0%| F|  |TAMS 0x000000008c100000, 0x000000008c100000| Untracked 
|  22|0x000000008c200000, 0x000000008c200000, 0x000000008c300000|  0%| F|  |TAMS 0x000000008c200000, 0x000000008c200000| Untracked 
|  23|0x000000008c300000, 0x000000008c300000, 0x000000008c400000|  0%| F|  |TAMS 0x000000008c300000, 0x000000008c300000| Untracked 
|  24|0x000000008c400000, 0x000000008c400000, 0x000000008c500000|  0%| F|  |TAMS 0x000000008c400000, 0x000000008c400000| Untracked 
|  25|0x000000008c500000, 0x000000008c500000, 0x000000008c600000|  0%| F|  |TAMS 0x000000008c500000, 0x000000008c500000| Untracked 
|  26|0x000000008c600000, 0x000000008c600000, 0x000000008c700000|  0%| F|  |TAMS 0x000000008c600000, 0x000000008c600000| Untracked 
|  27|0x000000008c700000, 0x000000008c700000, 0x000000008c800000|  0%| F|  |TAMS 0x000000008c700000, 0x000000008c700000| Untracked 
|  28|0x000000008c800000, 0x000000008c800000, 0x000000008c900000|  0%| F|  |TAMS 0x000000008c800000, 0x000000008c800000| Untracked 
|  29|0x000000008c900000, 0x000000008c900000, 0x000000008ca00000|  0%| F|  |TAMS 0x000000008c900000, 0x000000008c900000| Untracked 
|  30|0x000000008ca00000, 0x000000008ca00000, 0x000000008cb00000|  0%| F|  |TAMS 0x000000008ca00000, 0x000000008ca00000| Untracked 
|  31|0x000000008cb00000, 0x000000008cb00000, 0x000000008cc00000|  0%| F|  |TAMS 0x000000008cb00000, 0x000000008cb00000| Untracked 
|  32|0x000000008cc00000, 0x000000008cc00000, 0x000000008cd00000|  0%| F|  |TAMS 0x000000008cc00000, 0x000000008cc00000| Untracked 
|  33|0x000000008cd00000, 0x000000008cd00000, 0x000000008ce00000|  0%| F|  |TAMS 0x000000008cd00000, 0x000000008cd00000| Untracked 
|  34|0x000000008ce00000, 0x000000008ce00000, 0x000000008cf00000|  0%| F|  |TAMS 0x000000008ce00000, 0x000000008ce00000| Untracked 
|  35|0x000000008cf00000, 0x000000008cf00000, 0x000000008d000000|  0%| F|  |TAMS 0x000000008cf00000, 0x000000008cf00000| Untracked 
|  36|0x000000008d000000, 0x000000008d000000, 0x000000008d100000|  0%| F|  |TAMS 0x000000008d000000, 0x000000008d000000| Untracked 
|  37|0x000000008d100000, 0x000000008d100000, 0x000000008d200000|  0%| F|  |TAMS 0x000000008d100000, 0x000000008d100000| Untracked 
|  38|0x000000008d200000, 0x000000008d200000, 0x000000008d300000|  0%| F|  |TAMS 0x000000008d200000, 0x000000008d200000| Untracked 
|  39|0x000000008d300000, 0x000000008d300000, 0x000000008d400000|  0%| F|  |TAMS 0x000000008d300000, 0x000000008d300000| Untracked 
|  40|0x000000008d400000, 0x000000008d400000, 0x000000008d500000|  0%| F|  |TAMS 0x000000008d400000, 0x000000008d400000| Untracked 
|  41|0x000000008d500000, 0x000000008d500000, 0x000000008d600000|  0%| F|  |TAMS 0x000000008d500000, 0x000000008d500000| Untracked 
|  42|0x000000008d600000, 0x000000008d600000, 0x000000008d700000|  0%| F|  |TAMS 0x000000008d600000, 0x000000008d600000| Untracked 
|  43|0x000000008d700000, 0x000000008d700000, 0x000000008d800000|  0%| F|  |TAMS 0x000000008d700000, 0x000000008d700000| Untracked 
|  44|0x000000008d800000, 0x000000008d800000, 0x000000008d900000|  0%| F|  |TAMS 0x000000008d800000, 0x000000008d800000| Untracked 
|  45|0x000000008d900000, 0x000000008d900000, 0x000000008da00000|  0%| F|  |TAMS 0x000000008d900000, 0x000000008d900000| Untracked 
|  46|0x000000008da00000, 0x000000008da00000, 0x000000008db00000|  0%| F|  |TAMS 0x000000008da00000, 0x000000008da00000| Untracked 
|  47|0x000000008db00000, 0x000000008db00000, 0x000000008dc00000|  0%| F|  |TAMS 0x000000008db00000, 0x000000008db00000| Untracked 
|  48|0x000000008dc00000, 0x000000008dc00000, 0x000000008dd00000|  0%| F|  |TAMS 0x000000008dc00000, 0x000000008dc00000| Untracked 
|  49|0x000000008dd00000, 0x000000008dd00000, 0x000000008de00000|  0%| F|  |TAMS 0x000000008dd00000, 0x000000008dd00000| Untracked 
|  50|0x000000008de00000, 0x000000008de00000, 0x000000008df00000|  0%| F|  |TAMS 0x000000008de00000, 0x000000008de00000| Untracked 
|  51|0x000000008df00000, 0x000000008df00000, 0x000000008e000000|  0%| F|  |TAMS 0x000000008df00000, 0x000000008df00000| Untracked 
|  52|0x000000008e000000, 0x000000008e000000, 0x000000008e100000|  0%| F|  |TAMS 0x000000008e000000, 0x000000008e000000| Untracked 
|  53|0x000000008e100000, 0x000000008e100000, 0x000000008e200000|  0%| F|  |TAMS 0x000000008e100000, 0x000000008e100000| Untracked 
|  54|0x000000008e200000, 0x000000008e200000, 0x000000008e300000|  0%| F|  |TAMS 0x000000008e200000, 0x000000008e200000| Untracked 
|  55|0x000000008e300000, 0x000000008e300000, 0x000000008e400000|  0%| F|  |TAMS 0x000000008e300000, 0x000000008e300000| Untracked 
|  56|0x000000008e400000, 0x000000008e400000, 0x000000008e500000|  0%| F|  |TAMS 0x000000008e400000, 0x000000008e400000| Untracked 
|  57|0x000000008e500000, 0x000000008e500000, 0x000000008e600000|  0%| F|  |TAMS 0x000000008e500000, 0x000000008e500000| Untracked 
|  58|0x000000008e600000, 0x000000008e600000, 0x000000008e700000|  0%| F|  |TAMS 0x000000008e600000, 0x000000008e600000| Untracked 
|  59|0x000000008e700000, 0x000000008e700000, 0x000000008e800000|  0%| F|  |TAMS 0x000000008e700000, 0x000000008e700000| Untracked 
|  60|0x000000008e800000, 0x000000008e800000, 0x000000008e900000|  0%| F|  |TAMS 0x000000008e800000, 0x000000008e800000| Untracked 
|  61|0x000000008e900000, 0x000000008e900000, 0x000000008ea00000|  0%| F|  |TAMS 0x000000008e900000, 0x000000008e900000| Untracked 
|  62|0x000000008ea00000, 0x000000008ea00000, 0x000000008eb00000|  0%| F|  |TAMS 0x000000008ea00000, 0x000000008ea00000| Untracked 
|  63|0x000000008eb00000, 0x000000008eb00000, 0x000000008ec00000|  0%| F|  |TAMS 0x000000008eb00000, 0x000000008eb00000| Untracked 
|  64|0x000000008ec00000, 0x000000008ec00000, 0x000000008ed00000|  0%| F|  |TAMS 0x000000008ec00000, 0x000000008ec00000| Untracked 
|  65|0x000000008ed00000, 0x000000008ed00000, 0x000000008ee00000|  0%| F|  |TAMS 0x000000008ed00000, 0x000000008ed00000| Untracked 
|  66|0x000000008ee00000, 0x000000008ee00000, 0x000000008ef00000|  0%| F|  |TAMS 0x000000008ee00000, 0x000000008ee00000| Untracked 
|  67|0x000000008ef00000, 0x000000008ef00000, 0x000000008f000000|  0%| F|  |TAMS 0x000000008ef00000, 0x000000008ef00000| Untracked 
|  68|0x000000008f000000, 0x000000008f000000, 0x000000008f100000|  0%| F|  |TAMS 0x000000008f000000, 0x000000008f000000| Untracked 
|  69|0x000000008f100000, 0x000000008f100000, 0x000000008f200000|  0%| F|  |TAMS 0x000000008f100000, 0x000000008f100000| Untracked 
|  70|0x000000008f200000, 0x000000008f200000, 0x000000008f300000|  0%| F|  |TAMS 0x000000008f200000, 0x000000008f200000| Untracked 
|  71|0x000000008f300000, 0x000000008f300000, 0x000000008f400000|  0%| F|  |TAMS 0x000000008f300000, 0x000000008f300000| Untracked 
|  72|0x000000008f400000, 0x000000008f400000, 0x000000008f500000|  0%| F|  |TAMS 0x000000008f400000, 0x000000008f400000| Untracked 
|  73|0x000000008f500000, 0x000000008f500000, 0x000000008f600000|  0%| F|  |TAMS 0x000000008f500000, 0x000000008f500000| Untracked 
|  74|0x000000008f600000, 0x000000008f600000, 0x000000008f700000|  0%| F|  |TAMS 0x000000008f600000, 0x000000008f600000| Untracked 
|  75|0x000000008f700000, 0x000000008f700000, 0x000000008f800000|  0%| F|  |TAMS 0x000000008f700000, 0x000000008f700000| Untracked 
|  76|0x000000008f800000, 0x000000008f800000, 0x000000008f900000|  0%| F|  |TAMS 0x000000008f800000, 0x000000008f800000| Untracked 
|  77|0x000000008f900000, 0x000000008f900000, 0x000000008fa00000|  0%| F|  |TAMS 0x000000008f900000, 0x000000008f900000| Untracked 
|  78|0x000000008fa00000, 0x000000008fa00000, 0x000000008fb00000|  0%| F|  |TAMS 0x000000008fa00000, 0x000000008fa00000| Untracked 
|  79|0x000000008fb00000, 0x000000008fb00000, 0x000000008fc00000|  0%| F|  |TAMS 0x000000008fb00000, 0x000000008fb00000| Untracked 
|  80|0x000000008fc00000, 0x000000008fc00000, 0x000000008fd00000|  0%| F|  |TAMS 0x000000008fc00000, 0x000000008fc00000| Untracked 
|  81|0x000000008fd00000, 0x000000008fd00000, 0x000000008fe00000|  0%| F|  |TAMS 0x000000008fd00000, 0x000000008fd00000| Untracked 
|  82|0x000000008fe00000, 0x000000008fe00000, 0x000000008ff00000|  0%| F|  |TAMS 0x000000008fe00000, 0x000000008fe00000| Untracked 
|  83|0x000000008ff00000, 0x000000008ff00000, 0x0000000090000000|  0%| F|  |TAMS 0x000000008ff00000, 0x000000008ff00000| Untracked 
|  84|0x0000000090000000, 0x0000000090000000, 0x0000000090100000|  0%| F|  |TAMS 0x0000000090000000, 0x0000000090000000| Untracked 
|  85|0x0000000090100000, 0x0000000090100000, 0x0000000090200000|  0%| F|  |TAMS 0x0000000090100000, 0x0000000090100000| Untracked 
|  86|0x0000000090200000, 0x0000000090200000, 0x0000000090300000|  0%| F|  |TAMS 0x0000000090200000, 0x0000000090200000| Untracked 
|  87|0x0000000090300000, 0x0000000090300000, 0x0000000090400000|  0%| F|  |TAMS 0x0000000090300000, 0x0000000090300000| Untracked 
|  88|0x0000000090400000, 0x0000000090400000, 0x0000000090500000|  0%| F|  |TAMS 0x0000000090400000, 0x0000000090400000| Untracked 
|  89|0x0000000090500000, 0x0000000090500000, 0x0000000090600000|  0%| F|  |TAMS 0x0000000090500000, 0x0000000090500000| Untracked 
|  90|0x0000000090600000, 0x0000000090600000, 0x0000000090700000|  0%| F|  |TAMS 0x0000000090600000, 0x0000000090600000| Untracked 
|  91|0x0000000090700000, 0x0000000090700000, 0x0000000090800000|  0%| F|  |TAMS 0x0000000090700000, 0x0000000090700000| Untracked 
|  92|0x0000000090800000, 0x0000000090800000, 0x0000000090900000|  0%| F|  |TAMS 0x0000000090800000, 0x0000000090800000| Untracked 
|  93|0x0000000090900000, 0x0000000090900000, 0x0000000090a00000|  0%| F|  |TAMS 0x0000000090900000, 0x0000000090900000| Untracked 
|  94|0x0000000090a00000, 0x0000000090a00000, 0x0000000090b00000|  0%| F|  |TAMS 0x0000000090a00000, 0x0000000090a00000| Untracked 
|  95|0x0000000090b00000, 0x0000000090b00000, 0x0000000090c00000|  0%| F|  |TAMS 0x0000000090b00000, 0x0000000090b00000| Untracked 
|  96|0x0000000090c00000, 0x0000000090c00000, 0x0000000090d00000|  0%| F|  |TAMS 0x0000000090c00000, 0x0000000090c00000| Untracked 
|  97|0x0000000090d00000, 0x0000000090d00000, 0x0000000090e00000|  0%| F|  |TAMS 0x0000000090d00000, 0x0000000090d00000| Untracked 
|  98|0x0000000090e00000, 0x0000000090e00000, 0x0000000090f00000|  0%| F|  |TAMS 0x0000000090e00000, 0x0000000090e00000| Untracked 
|  99|0x0000000090f00000, 0x0000000090f00000, 0x0000000091000000|  0%| F|  |TAMS 0x0000000090f00000, 0x0000000090f00000| Untracked 
| 100|0x0000000091000000, 0x0000000091000000, 0x0000000091100000|  0%| F|  |TAMS 0x0000000091000000, 0x0000000091000000| Untracked 
| 101|0x0000000091100000, 0x0000000091100000, 0x0000000091200000|  0%| F|  |TAMS 0x0000000091100000, 0x0000000091100000| Untracked 
| 102|0x0000000091200000, 0x0000000091200000, 0x0000000091300000|  0%| F|  |TAMS 0x0000000091200000, 0x0000000091200000| Untracked 
| 103|0x0000000091300000, 0x0000000091300000, 0x0000000091400000|  0%| F|  |TAMS 0x0000000091300000, 0x0000000091300000| Untracked 
| 104|0x0000000091400000, 0x0000000091400000, 0x0000000091500000|  0%| F|  |TAMS 0x0000000091400000, 0x0000000091400000| Untracked 
| 105|0x0000000091500000, 0x0000000091576440, 0x0000000091600000| 46%| E|  |TAMS 0x0000000091500000, 0x0000000091500000| Complete 
| 106|0x0000000091600000, 0x0000000091700000, 0x0000000091700000|100%| E|CS|TAMS 0x0000000091600000, 0x0000000091600000| Complete 
| 107|0x0000000091700000, 0x0000000091800000, 0x0000000091800000|100%| E|CS|TAMS 0x0000000091700000, 0x0000000091700000| Complete 
| 108|0x0000000091800000, 0x0000000091900000, 0x0000000091900000|100%| E|CS|TAMS 0x0000000091800000, 0x0000000091800000| Complete 
| 109|0x0000000091900000, 0x0000000091a00000, 0x0000000091a00000|100%| E|CS|TAMS 0x0000000091900000, 0x0000000091900000| Complete 
| 110|0x0000000091a00000, 0x0000000091b00000, 0x0000000091b00000|100%| E|CS|TAMS 0x0000000091a00000, 0x0000000091a00000| Complete 
| 111|0x0000000091b00000, 0x0000000091c00000, 0x0000000091c00000|100%| E|CS|TAMS 0x0000000091b00000, 0x0000000091b00000| Complete 
| 112|0x0000000091c00000, 0x0000000091d00000, 0x0000000091d00000|100%| E|CS|TAMS 0x0000000091c00000, 0x0000000091c00000| Complete 
| 113|0x0000000091d00000, 0x0000000091e00000, 0x0000000091e00000|100%| E|CS|TAMS 0x0000000091d00000, 0x0000000091d00000| Complete 
| 114|0x0000000091e00000, 0x0000000091f00000, 0x0000000091f00000|100%| E|CS|TAMS 0x0000000091e00000, 0x0000000091e00000| Complete 
| 115|0x0000000091f00000, 0x0000000092000000, 0x0000000092000000|100%| E|CS|TAMS 0x0000000091f00000, 0x0000000091f00000| Complete 
| 116|0x0000000092000000, 0x0000000092100000, 0x0000000092100000|100%| E|CS|TAMS 0x0000000092000000, 0x0000000092000000| Complete 
| 117|0x0000000092100000, 0x0000000092200000, 0x0000000092200000|100%| E|CS|TAMS 0x0000000092100000, 0x0000000092100000| Complete 

Card table byte_map: [0x000001fa65bf0000,0x000001fa65fa0000] _byte_map_base: 0x000001fa6579a000

Marking Bits (Prev, Next): (CMBitMap*) 0x000001fa4e8618f0, (CMBitMap*) 0x000001fa4e861930
 Prev Bits: [0x000001fa66350000, 0x000001fa680a0000)
 Next Bits: [0x000001fa680a0000, 0x000001fa69df0000)

Polling page: 0x000001fa4dfd0000

Metaspace:

Usage:
  Non-class:      6.50 MB used.
      Class:    762.66 KB used.
       Both:      7.24 MB used.

Virtual space:
  Non-class space:       64.00 MB reserved,       6.62 MB ( 10%) committed,  1 nodes.
      Class space:        1.00 GB reserved,     896.00 KB ( <1%) committed,  1 nodes.
             Both:        1.06 GB reserved,       7.50 MB ( <1%) committed. 

Chunk freelists:
   Non-Class:  8.98 MB
       Class:  15.11 MB
        Both:  24.09 MB

MaxMetaspaceSize: unlimited
CompressedClassSpaceSize: 1.00 GB
Initial GC threshold: 21.00 MB
Current GC threshold: 21.00 MB
CDS: on
MetaspaceReclaimPolicy: balanced
 - commit_granule_bytes: 65536.
 - commit_granule_words: 8192.
 - virtual_space_node_default_size: 8388608.
 - enlarge_chunks_in_place: 1.
 - new_chunks_are_fully_committed: 0.
 - uncommit_free_chunks: 1.
 - use_allocation_guard: 0.
 - handle_deallocations: 1.


Internal statistics:

num_allocs_failed_limit: 0.
num_arena_births: 110.
num_arena_deaths: 0.
num_vsnodes_births: 2.
num_vsnodes_deaths: 0.
num_space_committed: 120.
num_space_uncommitted: 0.
num_chunks_returned_to_freelist: 0.
num_chunks_taken_from_freelist: 162.
num_chunk_merges: 0.
num_chunk_splits: 88.
num_chunks_enlarged: 25.
num_inconsistent_stats: 0.

CodeHeap 'non-profiled nmethods': size=120000Kb used=433Kb max_used=433Kb free=119566Kb
 bounds [0x000001fa5ddc0000, 0x000001fa5e030000, 0x000001fa652f0000]
CodeHeap 'profiled nmethods': size=120000Kb used=2105Kb max_used=2105Kb free=117894Kb
 bounds [0x000001fa562f0000, 0x000001fa56560000, 0x000001fa5d820000]
CodeHeap 'non-nmethods': size=5760Kb used=1257Kb max_used=1291Kb free=4502Kb
 bounds [0x000001fa5d820000, 0x000001fa5da90000, 0x000001fa5ddc0000]
 total_blobs=1855 nmethods=1276 adapters=492
 compilation: enabled
              stopped_count=0, restarted_count=0
 full_count=0

Compilation events (20 events):
Event: 12.360 Thread 0x000001fa6ca36c10 1267       4       jdk.internal.misc.Unsafe::weakCompareAndSetInt (11 bytes)
Event: 12.361 Thread 0x000001fa6ca36c10 nmethod 1267 0x000001fa5de2a290 code [0x000001fa5de2a400, 0x000001fa5de2a498]
Event: 12.744 Thread 0x000001fa6ca36c10 1268       4       sun.java2d.pipe.BufferedContext::setSurfaces (49 bytes)
Event: 12.746 Thread 0x000001fa6ca36c10 nmethod 1268 0x000001fa5de2a590 code [0x000001fa5de2a720, 0x000001fa5de2a918]
Event: 12.961 Thread 0x000001fa6ca36c10 1269       4       java.util.IdentityHashMap::isEmpty (13 bytes)
Event: 12.962 Thread 0x000001fa6ca36c10 nmethod 1269 0x000001fa5de2ab90 code [0x000001fa5de2ad00, 0x000001fa5de2ad98]
Event: 13.044 Thread 0x000001fa6ca36c10 1270       4       java.util.concurrent.locks.ReentrantLock$NonfairSync::tryAcquire (27 bytes)
Event: 13.045 Thread 0x000001fa6ca36c10 nmethod 1270 0x000001fa5de2ae90 code [0x000001fa5de2b000, 0x000001fa5de2b158]
Event: 13.827 Thread 0x000001fa6ca36c10 1271       4       javax.swing.JComponent::getY (5 bytes)
Event: 13.828 Thread 0x000001fa6ca36c10 nmethod 1271 0x000001fa5de2b210 code [0x000001fa5de2b380, 0x000001fa5de2b3f8]
Event: 14.262 Thread 0x000001fa6ca36c10 1272       4       java.util.ArrayList::add (25 bytes)
Event: 14.264 Thread 0x000001fa6ca36c10 nmethod 1272 0x000001fa5de2b510 code [0x000001fa5de2b6a0, 0x000001fa5de2b8a8]
Event: 14.361 Thread 0x000001fa6ca36c10 1273   !   4       sun.awt.image.SurfaceManager::getManager (47 bytes)
Event: 14.362 Thread 0x000001fa6ca36c10 nmethod 1273 0x000001fa5de2ba10 code [0x000001fa5de2bb80, 0x000001fa5de2bc18]
Event: 14.778 Thread 0x000001fa6ca36c10 1274       4       sun.java2d.pipe.BufferedPaints::resetPaint (18 bytes)
Event: 14.779 Thread 0x000001fa6ca36c10 nmethod 1274 0x000001fa5de2bd10 code [0x000001fa5de2be80, 0x000001fa5de2bf58]
Event: 15.028 Thread 0x000001fa6ca36c10 1275       4       sun.awt.AWTAutoShutdown::isReadyToShutdown (37 bytes)
Event: 15.029 Thread 0x000001fa6ca36c10 nmethod 1275 0x000001fa5de2c090 code [0x000001fa5de2c220, 0x000001fa5de2c2f8]
Event: 17.227 Thread 0x000001fa6ca36c10 1276       4       jdk.internal.logger.SurrogateLogger::defaultPlatformLevel (4 bytes)
Event: 17.227 Thread 0x000001fa6ca36c10 nmethod 1276 0x000001fa5de2c410 code [0x000001fa5de2c580, 0x000001fa5de2c5f8]

GC Heap History (0 events):
No events

Dll operation events (12 events):
Event: 0.011 Loaded shared library C:\Users\Genny\AppData\Local\Programs\Eclipse Adoptium\jdk-17.0.7.7-hotspot\bin\java.dll
Event: 0.020 Loaded shared library C:\Users\Genny\AppData\Local\Programs\Eclipse Adoptium\jdk-17.0.7.7-hotspot\bin\jsvml.dll
Event: 0.082 Loaded shared library C:\Users\Genny\AppData\Local\Programs\Eclipse Adoptium\jdk-17.0.7.7-hotspot\bin\zip.dll
Event: 0.086 Loaded shared library C:\Users\Genny\AppData\Local\Programs\Eclipse Adoptium\jdk-17.0.7.7-hotspot\bin\instrument.dll
Event: 0.094 Loaded shared library C:\Users\Genny\AppData\Local\Programs\Eclipse Adoptium\jdk-17.0.7.7-hotspot\bin\net.dll
Event: 0.096 Loaded shared library C:\Users\Genny\AppData\Local\Programs\Eclipse Adoptium\jdk-17.0.7.7-hotspot\bin\nio.dll
Event: 0.099 Loaded shared library C:\Users\Genny\AppData\Local\Programs\Eclipse Adoptium\jdk-17.0.7.7-hotspot\bin\zip.dll
Event: 0.104 Loaded shared library C:\Users\Genny\AppData\Local\JetBrains\Toolbox\apps\IDEA-C\ch-0\233.11799.241\bin\breakgen64.dll
Event: 0.114 Loaded shared library C:\Users\Genny\AppData\Local\Programs\Eclipse Adoptium\jdk-17.0.7.7-hotspot\bin\jimage.dll
Event: 0.131 Loaded shared library C:\Users\Genny\AppData\Local\Programs\Eclipse Adoptium\jdk-17.0.7.7-hotspot\bin\awt.dll
Event: 0.461 Loaded shared library C:\Users\Genny\AppData\Local\Programs\Eclipse Adoptium\jdk-17.0.7.7-hotspot\bin\freetype.dll
Event: 0.462 Loaded shared library C:\Users\Genny\AppData\Local\Programs\Eclipse Adoptium\jdk-17.0.7.7-hotspot\bin\fontmanager.dll

Deoptimization events (20 events):
Event: 1.510 Thread 0x000001fa7181a2c0 Uncommon trap: trap_request=0xffffff45 fr.pc=0x000001fa5ddf8ca8 relative=0x0000000000000168
Event: 1.510 Thread 0x000001fa7181a2c0 Uncommon trap: reason=unstable_if action=reinterpret pc=0x000001fa5ddf8ca8 method=game.GamePanel.run()V @ 87 c2
Event: 1.510 Thread 0x000001fa7181a2c0 DEOPT PACKING pc=0x000001fa5ddf8ca8 sp=0x0000001a816ff1e0
Event: 1.510 Thread 0x000001fa7181a2c0 DEOPT UNPACKING pc=0x000001fa5d8769a3 sp=0x0000001a816ff168 mode 2
Event: 1.517 Thread 0x000001fa7181a2c0 DEOPT PACKING pc=0x000001fa5643817d sp=0x0000001a816ff060
Event: 1.517 Thread 0x000001fa7181a2c0 DEOPT UNPACKING pc=0x000001fa5d877143 sp=0x0000001a816fe658 mode 0
Event: 4.328 Thread 0x000001fa717d65b0 DEOPT PACKING pc=0x000001fa56449687 sp=0x0000001a815fe160
Event: 4.328 Thread 0x000001fa717d65b0 DEOPT UNPACKING pc=0x000001fa5d877143 sp=0x0000001a815fd638 mode 0
Event: 4.777 Thread 0x000001fa7181a2c0 DEOPT PACKING pc=0x000001fa5644a152 sp=0x0000001a816ff100
Event: 4.777 Thread 0x000001fa7181a2c0 DEOPT UNPACKING pc=0x000001fa5d877143 sp=0x0000001a816fe590 mode 0
Event: 7.812 Thread 0x000001fa717d65b0 DEOPT PACKING pc=0x000001fa56433e1d sp=0x0000001a815fea30
Event: 7.812 Thread 0x000001fa717d65b0 DEOPT UNPACKING pc=0x000001fa5d877143 sp=0x0000001a815fdec0 mode 0
Event: 11.344 Thread 0x000001fa717d65b0 Uncommon trap: trap_request=0xffffff45 fr.pc=0x000001fa5de0f53c relative=0x0000000000000e7c
Event: 11.344 Thread 0x000001fa717d65b0 Uncommon trap: reason=unstable_if action=reinterpret pc=0x000001fa5de0f53c method=java.util.concurrent.locks.AbstractQueuedSynchronizer.signalNext(Ljava/util/concurrent/locks/AbstractQueuedSynchronizer$Node;)V @ 17 c2
Event: 11.344 Thread 0x000001fa717d65b0 DEOPT PACKING pc=0x000001fa5de0f53c sp=0x0000001a815fdd20
Event: 11.344 Thread 0x000001fa717d65b0 DEOPT UNPACKING pc=0x000001fa5d8769a3 sp=0x0000001a815fda78 mode 2
Event: 11.377 Thread 0x000001fa717d65b0 Uncommon trap: trap_request=0xffffff45 fr.pc=0x000001fa5ddfe98c relative=0x000000000000006c
Event: 11.377 Thread 0x000001fa717d65b0 Uncommon trap: reason=unstable_if action=reinterpret pc=0x000001fa5ddfe98c method=java.util.concurrent.locks.AbstractQueuedSynchronizer.signalNext(Ljava/util/concurrent/locks/AbstractQueuedSynchronizer$Node;)V @ 17 c2
Event: 11.377 Thread 0x000001fa717d65b0 DEOPT PACKING pc=0x000001fa5ddfe98c sp=0x0000001a815fde20
Event: 11.377 Thread 0x000001fa717d65b0 DEOPT UNPACKING pc=0x000001fa5d8769a3 sp=0x0000001a815fddb0 mode 2

Classes unloaded (0 events):
No events

Classes redefined (0 events):
No events

Internal exceptions (13 events):
Event: 0.108 Thread 0x000001fa6cced820 Exception <a 'java/lang/NoSuchMethodError'{0x00000000920f0888}: 'java.lang.Object java.lang.invoke.DirectMethodHandle$Holder.invokeStaticInit(java.lang.Object)'> (0x00000000920f0888) 
thrown [s\src\hotspot\share\interpreter\linkResolver.cpp, line 759]
Event: 0.115 Thread 0x000001fa6cced820 Exception <a 'java/lang/NoSuchMethodError'{0x00000000920fe838}: 'void java.lang.invoke.DirectMethodHandle$Holder.invokeStatic(java.lang.Object, java.lang.Object)'> (0x00000000920fe838) 
thrown [s\src\hotspot\share\interpreter\linkResolver.cpp, line 759]
Event: 0.120 Thread 0x000001fa4e8090b0 Exception <a 'java/lang/ClassNotFoundException'{0x00000000920d7560}: sun/awt/resources/spi/awtProvider> (0x00000000920d7560) 
thrown [s\src\hotspot\share\classfile\systemDictionary.cpp, line 256]
Event: 0.146 Thread 0x000001fa4e8090b0 Exception <a 'java/io/FileNotFoundException'{0x0000000091fb4d10}> (0x0000000091fb4d10) 
thrown [s\src\hotspot\share\prims\jni.cpp, line 516]
Event: 0.153 Thread 0x000001fa4e8090b0 Exception <a 'java/io/FileNotFoundException'{0x0000000091fe1c68}> (0x0000000091fe1c68) 
thrown [s\src\hotspot\share\prims\jni.cpp, line 516]
Event: 0.306 Thread 0x000001fa4e8090b0 Exception <a 'java/lang/NoSuchMethodError'{0x0000000091e63e78}: 'void java.lang.invoke.DirectMethodHandle$Holder.invokeSpecial(java.lang.Object, java.lang.Object, java.lang.Object)'> (0x0000000091e63e78) 
thrown [s\src\hotspot\share\interpreter\linkResolver.cpp, line 759]
Event: 0.321 Thread 0x000001fa4e8090b0 Exception <a 'java/lang/NoSuchMethodError'{0x0000000091d04180}: 'java.lang.Object java.lang.invoke.DirectMethodHandle$Holder.newInvokeSpecial(java.lang.Object, java.lang.Object, java.lang.Object, java.lang.Object, java.lang.Object)'> (0x0000000091d04180) 
thrown [s\src\hotspot\share\interpreter\linkResolver.cpp, line 759]
Event: 0.327 Thread 0x000001fa4e8090b0 Exception <a 'java/lang/NoSuchMethodError'{0x0000000091d0fb48}: 'java.lang.Object java.lang.invoke.DirectMethodHandle$Holder.invokeStatic(java.lang.Object, int, java.lang.Object, java.lang.Object, java.lang.Object, java.lang.Object)'> (0x0000000091d0fb48) 
thrown [s\src\hotspot\share\interpreter\linkResolver.cpp, line 759]
Event: 0.336 Thread 0x000001fa4e8090b0 Exception <a 'java/lang/NoSuchMethodError'{0x0000000091d35308}: 'java.lang.Object java.lang.invoke.DirectMethodHandle$Holder.invokeStatic(java.lang.Object, int, java.lang.Object)'> (0x0000000091d35308) 
thrown [s\src\hotspot\share\interpreter\linkResolver.cpp, line 759]
Event: 0.370 Thread 0x000001fa4e8090b0 Exception <a 'java/lang/ClassNotFoundException'{0x0000000091ded2e8}: com/sun/swing/internal/plaf/metal/resources/spi/metalProvider> (0x0000000091ded2e8) 
thrown [s\src\hotspot\share\classfile\systemDictionary.cpp, line 256]
Event: 0.371 Thread 0x000001fa4e8090b0 Exception <a 'java/lang/ClassNotFoundException'{0x0000000091df0e48}: com/sun/swing/internal/plaf/basic/resources/spi/basicProvider> (0x0000000091df0e48) 
thrown [s\src\hotspot\share\classfile\systemDictionary.cpp, line 256]
Event: 0.440 Thread 0x000001fa6cedfc40 Exception <a 'java/lang/NoSuchMethodError'{0x0000000091e85bb0}: 'void java.lang.invoke.DirectMethodHandle$Holder.invokeVirtual(java.lang.Object, java.lang.Object)'> (0x0000000091e85bb0) 
thrown [s\src\hotspot\share\interpreter\linkResolver.cpp, line 759]
Event: 0.457 Thread 0x000001fa4e8090b0 Exception <a 'java/lang/NoSuchMethodError'{0x0000000091cd7e30}: 'void java.lang.invoke.DirectMethodHandle$Holder.invokeStaticInit(java.lang.Object)'> (0x0000000091cd7e30) 
thrown [s\src\hotspot\share\interpreter\linkResolver.cpp, line 759]

VM Operations (20 events):
Event: 3.565 Executing VM operation: Cleanup
Event: 3.565 Executing VM operation: Cleanup done
Event: 4.577 Executing VM operation: Cleanup
Event: 4.577 Executing VM operation: Cleanup done
Event: 5.580 Executing VM operation: Cleanup
Event: 5.581 Executing VM operation: Cleanup done
Event: 7.596 Executing VM operation: Cleanup
Event: 7.596 Executing VM operation: Cleanup done
Event: 8.611 Executing VM operation: Cleanup
Event: 8.611 Executing VM operation: Cleanup done
Event: 9.613 Executing VM operation: Cleanup
Event: 9.613 Executing VM operation: Cleanup done
Event: 11.634 Executing VM operation: Cleanup
Event: 11.634 Executing VM operation: Cleanup done
Event: 12.647 Executing VM operation: Cleanup
Event: 12.647 Executing VM operation: Cleanup done
Event: 13.656 Executing VM operation: Cleanup
Event: 13.656 Executing VM operation: Cleanup done
Event: 14.658 Executing VM operation: Cleanup
Event: 14.658 Executing VM operation: Cleanup done

Events (20 events):
Event: 1.079 loading class sun/util/resources/OpenListResourceBundle done
Event: 1.079 loading class sun/util/resources/TimeZoneNamesBundle done
Event: 1.079 loading class sun/util/resources/cldr/TimeZoneNames done
Event: 1.079 loading class sun/util/resources/cldr/TimeZoneNames_en
Event: 1.080 loading class sun/util/resources/cldr/TimeZoneNames_en done
Event: 1.080 loading class sun/util/resources/cldr/TimeZoneNames_en_US
Event: 1.080 loading class sun/util/resources/cldr/TimeZoneNames_en_US done
Event: 1.081 loading class java/util/LinkedHashMap$LinkedKeySet
Event: 1.081 Thread 0x000001fa718f4bd0 Thread added: 0x000001fa718f4bd0
Event: 1.081 loading class java/util/LinkedHashMap$LinkedKeySet done
Event: 1.162 loading class java/awt/image/BufferedImageOp
Event: 1.162 loading class java/awt/image/BufferedImageOp done
Event: 1.294 Thread 0x000001fa718f4bd0 Thread exited: 0x000001fa718f4bd0
Event: 17.249 loading class jdk/internal/misc/Signal$1
Event: 17.249 loading class jdk/internal/misc/Signal$1 done
Event: 17.249 Thread 0x000001fa71a24590 Thread added: 0x000001fa71a24590
Event: 17.250 Thread 0x000001fa71a25400 Thread added: 0x000001fa71a25400
Event: 17.250 Thread 0x000001fa71a24a60 Thread added: 0x000001fa71a24a60
Event: 17.250 Thread 0x000001fa71a25400 Thread exited: 0x000001fa71a25400
Event: 17.250 Thread 0x000001fa7181e0d0 Thread exited: 0x000001fa7181e0d0


Dynamic libraries:
0x00007ff761010000 - 0x00007ff76101e000 	C:\Users\Genny\AppData\Local\Programs\Eclipse Adoptium\jdk-17.0.7.7-hotspot\bin\java.exe
0x00007ffadac90000 - 0x00007ffadaea7000 	C:\WINDOWS\SYSTEM32\ntdll.dll
0x00007ffad9f00000 - 0x00007ffad9fc4000 	C:\WINDOWS\System32\KERNEL32.DLL
0x00007ffad8230000 - 0x00007ffad85d5000 	C:\WINDOWS\System32\KERNELBASE.dll
0x00007ffad88c0000 - 0x00007ffad89d1000 	C:\WINDOWS\System32\ucrtbase.dll
0x00007ffad32a0000 - 0x00007ffad32b9000 	C:\Users\Genny\AppData\Local\Programs\Eclipse Adoptium\jdk-17.0.7.7-hotspot\bin\VCRUNTIME140.dll
0x00007ffad3280000 - 0x00007ffad3297000 	C:\Users\Genny\AppData\Local\Programs\Eclipse Adoptium\jdk-17.0.7.7-hotspot\bin\jli.dll
0x00007ffada780000 - 0x00007ffada92e000 	C:\WINDOWS\System32\USER32.dll
0x00007ffad85e0000 - 0x00007ffad8606000 	C:\WINDOWS\System32\win32u.dll
0x00007ffab8b80000 - 0x00007ffab8e13000 	C:\WINDOWS\WinSxS\amd64_microsoft.windows.common-controls_6595b64144ccf1df_6.0.22621.2506_none_270c5ae97388e100\COMCTL32.dll
0x00007ffad9fd0000 - 0x00007ffad9ff9000 	C:\WINDOWS\System32\GDI32.dll
0x00007ffada110000 - 0x00007ffada1b7000 	C:\WINDOWS\System32\msvcrt.dll
0x00007ffad8680000 - 0x00007ffad8799000 	C:\WINDOWS\System32\gdi32full.dll
0x00007ffad87a0000 - 0x00007ffad883a000 	C:\WINDOWS\System32\msvcp_win.dll
0x00007ffada0d0000 - 0x00007ffada101000 	C:\WINDOWS\System32\IMM32.DLL
0x00007ffad3580000 - 0x00007ffad358c000 	C:\Users\Genny\AppData\Local\Programs\Eclipse Adoptium\jdk-17.0.7.7-hotspot\bin\vcruntime140_1.dll
0x00007ffaacac0000 - 0x00007ffaacb51000 	C:\Users\Genny\AppData\Local\Programs\Eclipse Adoptium\jdk-17.0.7.7-hotspot\bin\msvcp140.dll
0x00007ffa97210000 - 0x00007ffa97e58000 	C:\Users\Genny\AppData\Local\Programs\Eclipse Adoptium\jdk-17.0.7.7-hotspot\bin\server\jvm.dll
0x00007ffada000000 - 0x00007ffada0b1000 	C:\WINDOWS\System32\ADVAPI32.dll
0x00007ffadaad0000 - 0x00007ffadab76000 	C:\WINDOWS\System32\sechost.dll
0x00007ffada4f0000 - 0x00007ffada607000 	C:\WINDOWS\System32\RPCRT4.dll
0x00007ffad0510000 - 0x00007ffad0544000 	C:\WINDOWS\SYSTEM32\WINMM.dll
0x00007ffa803c0000 - 0x00007ffa803c9000 	C:\WINDOWS\SYSTEM32\WSOCK32.dll
0x00007ffacffe0000 - 0x00007ffacffea000 	C:\WINDOWS\SYSTEM32\VERSION.dll
0x00007ffada6f0000 - 0x00007ffada761000 	C:\WINDOWS\System32\WS2_32.dll
0x00007ffad6fa0000 - 0x00007ffad6fb8000 	C:\WINDOWS\SYSTEM32\kernel.appcore.dll
0x00007ffad3270000 - 0x00007ffad327a000 	C:\Users\Genny\AppData\Local\Programs\Eclipse Adoptium\jdk-17.0.7.7-hotspot\bin\jimage.dll
0x00007ffad59a0000 - 0x00007ffad5bd3000 	C:\WINDOWS\SYSTEM32\DBGHELP.DLL
0x00007ffad9760000 - 0x00007ffad9ae9000 	C:\WINDOWS\System32\combase.dll
0x00007ffada610000 - 0x00007ffada6e7000 	C:\WINDOWS\System32\OLEAUT32.dll
0x00007ffabc9c0000 - 0x00007ffabc9f2000 	C:\WINDOWS\SYSTEM32\dbgcore.DLL
0x00007ffad8840000 - 0x00007ffad88ba000 	C:\WINDOWS\System32\bcryptPrimitives.dll
0x00007ffad3190000 - 0x00007ffad319e000 	C:\Users\Genny\AppData\Local\Programs\Eclipse Adoptium\jdk-17.0.7.7-hotspot\bin\instrument.dll
0x00007ffad2560000 - 0x00007ffad2585000 	C:\Users\Genny\AppData\Local\Programs\Eclipse Adoptium\jdk-17.0.7.7-hotspot\bin\java.dll
0x00007ffaa25a0000 - 0x00007ffaa2676000 	C:\Users\Genny\AppData\Local\Programs\Eclipse Adoptium\jdk-17.0.7.7-hotspot\bin\jsvml.dll
0x00007ffad8e80000 - 0x00007ffad96d9000 	C:\WINDOWS\System32\SHELL32.dll
0x00007ffad5f20000 - 0x00007ffad6814000 	C:\WINDOWS\SYSTEM32\windows.storage.dll
0x00007ffad5de0000 - 0x00007ffad5f1e000 	C:\WINDOWS\SYSTEM32\wintypes.dll
0x00007ffad9b80000 - 0x00007ffad9c73000 	C:\WINDOWS\System32\SHCORE.dll
0x00007ffad9ce0000 - 0x00007ffad9d3e000 	C:\WINDOWS\System32\shlwapi.dll
0x00007ffad7f30000 - 0x00007ffad7f56000 	C:\WINDOWS\SYSTEM32\profapi.dll
0x00007ffad0760000 - 0x00007ffad0778000 	C:\Users\Genny\AppData\Local\Programs\Eclipse Adoptium\jdk-17.0.7.7-hotspot\bin\zip.dll
0x00007ffad0740000 - 0x00007ffad0759000 	C:\Users\Genny\AppData\Local\Programs\Eclipse Adoptium\jdk-17.0.7.7-hotspot\bin\net.dll
0x00007ffad15f0000 - 0x00007ffad1727000 	C:\WINDOWS\SYSTEM32\WINHTTP.dll
0x00007ffad7480000 - 0x00007ffad74e9000 	C:\WINDOWS\system32\mswsock.dll
0x00007ffad0720000 - 0x00007ffad0735000 	C:\Users\Genny\AppData\Local\Programs\Eclipse Adoptium\jdk-17.0.7.7-hotspot\bin\nio.dll
0x00007ffac6a80000 - 0x00007ffac6a9a000 	C:\Users\Genny\AppData\Local\JetBrains\Toolbox\apps\IDEA-C\ch-0\233.11799.241\bin\breakgen64.dll
0x00007ffa9d3b0000 - 0x00007ffa9d53e000 	C:\Users\Genny\AppData\Local\Programs\Eclipse Adoptium\jdk-17.0.7.7-hotspot\bin\awt.dll
0x00007ffad5030000 - 0x00007ffad50c7000 	C:\WINDOWS\SYSTEM32\apphelp.dll
0x00007ffad5450000 - 0x00007ffad547b000 	C:\WINDOWS\system32\DWMAPI.DLL
0x00007ffad51f0000 - 0x00007ffad529b000 	C:\WINDOWS\system32\uxtheme.dll
0x00007ffa5b710000 - 0x00007ffa5b810000 	C:\WINDOWS\system32\opengl32.dll
0x00007ffab3ab0000 - 0x00007ffab3add000 	C:\WINDOWS\SYSTEM32\GLU32.dll
0x00007ffad5300000 - 0x00007ffad5336000 	C:\WINDOWS\SYSTEM32\dxcore.dll
0x00007ffada930000 - 0x00007ffadaa7f000 	C:\WINDOWS\System32\MSCTF.dll
0x00007ffada1d0000 - 0x00007ffada370000 	C:\WINDOWS\System32\ole32.dll
0x00007ffaa2b30000 - 0x00007ffaa2bb6000 	C:\Users\Genny\AppData\Local\Programs\Eclipse Adoptium\jdk-17.0.7.7-hotspot\bin\freetype.dll
0x00007ffa9d1a0000 - 0x00007ffa9d265000 	C:\Users\Genny\AppData\Local\Programs\Eclipse Adoptium\jdk-17.0.7.7-hotspot\bin\fontmanager.dll
0x00007ffac3720000 - 0x00007ffac386a000 	C:\WINDOWS\SYSTEM32\textinputframework.dll
0x00007ffad4d50000 - 0x00007ffad4e83000 	C:\WINDOWS\System32\CoreMessaging.dll

dbghelp: loaded successfully - version: 4.0.5 - missing functions: none
symbol engine: initialized successfully - sym options: 0x614 - pdb path: .;C:\Users\Genny\AppData\Local\Programs\Eclipse Adoptium\jdk-17.0.7.7-hotspot\bin;C:\WINDOWS\SYSTEM32;C:\WINDOWS\WinSxS\amd64_microsoft.windows.common-controls_6595b64144ccf1df_6.0.22621.2506_none_270c5ae97388e100;C:\Users\Genny\AppData\Local\Programs\Eclipse Adoptium\jdk-17.0.7.7-hotspot\bin\server;C:\Users\Genny\AppData\Local\JetBrains\Toolbox\apps\IDEA-C\ch-0\233.11799.241\bin;C:\WINDOWS\System32\DriverStore\FileRepository\u0389648.inf_amd64_00a4b5829b82c480\B385477

VM Arguments:
jvm_args: -javaagent:C:\Users\Genny\AppData\Local\JetBrains\Toolbox\apps\IDEA-C\ch-0\233.11799.241\lib\idea_rt.jar=59494:C:\Users\Genny\AppData\Local\JetBrains\Toolbox\apps\IDEA-C\ch-0\233.11799.241\bin -Dfile.encoding=UTF-8 
java_command: game.Main
java_class_path (initial): C:\Users\Genny\IdeaProjects\My2dgame\out\production\My2dgame
Launcher Type: SUN_STANDARD

[Global flags]
     intx CICompilerCount                          = 4                                         {product} {ergonomic}
     uint ConcGCThreads                            = 3                                         {product} {ergonomic}
     uint G1ConcRefinementThreads                  = 10                                        {product} {ergonomic}
   size_t G1HeapRegionSize                         = 1048576                                   {product} {ergonomic}
    uintx GCDrainStackTargetSize                   = 64                                        {product} {ergonomic}
   size_t InitialHeapSize                          = 123731968                                 {product} {ergonomic}
   size_t MarkStackSize                            = 4194304                                   {product} {ergonomic}
   size_t MaxHeapSize                              = 1967128576                                {product} {ergonomic}
   size_t MaxNewSize                               = 1179648000                                {product} {ergonomic}
   size_t MinHeapDeltaBytes                        = 1048576                                   {product} {ergonomic}
   size_t MinHeapSize                              = 8388608                                   {product} {ergonomic}
    uintx NonNMethodCodeHeapSize                   = 5839372                                {pd product} {ergonomic}
    uintx NonProfiledCodeHeapSize                  = 122909434                              {pd product} {ergonomic}
    uintx ProfiledCodeHeapSize                     = 122909434                              {pd product} {ergonomic}
    uintx ReservedCodeCacheSize                    = 251658240                              {pd product} {ergonomic}
     bool SegmentedCodeCache                       = true                                      {product} {ergonomic}
   size_t SoftMaxHeapSize                          = 1967128576                             {manageable} {ergonomic}
     bool UseCompressedClassPointers               = true                           {product lp64_product} {ergonomic}
     bool UseCompressedOops                        = true                           {product lp64_product} {ergonomic}
     bool UseG1GC                                  = true                                      {product} {ergonomic}
     bool UseLargePagesIndividualAllocation        = false                                  {pd product} {ergonomic}

Logging:
Log output configuration:
 #0: stdout all=warning uptime,level,tags
 #1: stderr all=off uptime,level,tags

Environment Variables:
JAVA_HOME=C:\Users\Genny\AppData\Local\Programs\Eclipse Adoptium\jdk-17.0.7.7-hotspot\
PATH=C:\WINDOWS\system32;C:\WINDOWS;C:\WINDOWS\System32\Wbem;C:\WINDOWS\System32\WindowsPowerShell\v1.0\;C:\WINDOWS\System32\OpenSSH\;C:\Users\Genny\AppData\Local\Programs\Eclipse Adoptium\jdk-17.0.7.7-hotspot\bin;C:\Users\Genny\AppData\Local\Programs\Python\Python310\Scripts\;C:\Users\Genny\AppData\Local\Programs\Python\Python310\;C:\Users\Genny\AppData\Local\Microsoft\WindowsApps;C:\Users\Genny\AppData\Local\Programs\Microsoft VS Code\bin;C:\Users\Genny\AppData\Local\JetBrains\Toolbox\scripts
USERNAME=Genny
OS=Windows_NT
PROCESSOR_IDENTIFIER=AMD64 Family 23 Model 104 Stepping 1, AuthenticAMD
TMP=C:\Users\Genny\AppData\Local\Temp
TEMP=C:\Users\Genny\AppData\Local\Temp



---------------  S Y S T E M  ---------------

OS:
 Windows 11 , 64 bit Build 22621 (10.0.22621.2506)
OS uptime: 18 days 14:48 hours

CPU: total 12 (initial active 12) (12 cores per cpu, 2 threads per core) family 23 model 104 stepping 1 microcode 0x0, cx8, cmov, fxsr, ht, mmx, 3dnowpref, sse, sse2, sse3, ssse3, sse4a, sse4.1, sse4.2, popcnt, lzcnt, tsc, tscinvbit, avx, avx2, aes, clmul, bmi1, bmi2, adx, sha, fma, vzeroupper, clflush, clflushopt

Memory: 4k page, system-wide physical 7501M (740M free)
TotalPageFile size 30029M (AvailPageFile size 4947M)
current process WorkingSet (physical memory assigned to process): 62M, peak: 73M
current process commit charge ("private bytes"): 225M, peak: 242M

vm_info: OpenJDK 64-Bit Server VM (17.0.7+7) for windows-amd64 JRE (17.0.7+7), built on Apr 18 2023 22:10:42 by "temurin" with MS VC++ 16.7 (VS2019)

END.
